Build started 12/26/2015 18:47:11.
     1>Project "c:\Users\Admin\documents\visual studio 2013\Projects\NVFLASH\NVFLASH Package\NVFLASH Package.vcxproj" on node 2 (Build target(s)).
     1>C:\Program Files (x86)\Windows Kits\8.1\build\WindowsDriver.common.targets(1366,5): error MSB3030: Could not copy the file "c:\Users\Admin\documents\visual studio 2013\Projects\NVFLASH\Win7Debug\NVFLASH.sys" because it was not found.
     1>Done Building Project "c:\Users\Admin\documents\visual studio 2013\Projects\NVFLASH\NVFLASH Package\NVFLASH Package.vcxproj" (Build target(s)) -- FAILED.

Build FAILED.

Time Elapsed 00:00:00.20
